<?xml version="1.0" encoding="UTF-8" ?>
<testsuite tests="7" failures="0" name="com.dao.test.JUnitTestCalculation" time="0.163" errors="0" skipped="0">
  <properties>
[...]
</properties>
  <testcase classname="com.dao.test.JUnitTestCalculation" name="testJUnitFactorielItterative" time="0.001"/>
  <testcase classname="com.dao.test.JUnitTestCalculation" name="testJUnitFactorielRecursive" time="0"/>
  <testcase classname="com.dao.test.JUnitTestCalculation" name="testJUnitNombreMagique" time="0.002"/>
  <testcase classname="com.dao.test.JUnitTestCalculation" name="testJUnitSortMyArray" time="0.001"/>
  <testcase classname="com.dao.test.JUnitTestCalculation" name="testJUnitAddition" time="0.003"/>
  <testcase classname="com.dao.test.JUnitTestCalculation" name="testJUnitVerifyParite" time="0.003"/>
  <testcase classname="com.dao.test.JUnitTestCalculation" name="testJUnitCompareChaines" time="0.001"/>
</testsuite>