<?xml version="1.0" encoding="UTF-8" ?>
<testsuite tests="1" failures="1" name="com.dao.test.JUnitTestProcessAnimal" time="0.142" errors="0" skipped="0">
  <properties>
[...]
</properties>
  <testcase classname="com.dao.test.JUnitTestProcessAnimal" name="testJUnitCalculMoyenneEcartTypePoidsAnimaux" time="0.007">
    <failure type="java.lang.AssertionError">java.lang.AssertionError
	at org.junit.Assert.fail(Assert.java:92)
	at org.junit.Assert.assertTrue(Assert.java:43)
	at org.junit.Assert.assertTrue(Assert.java:54)
	at com.dao.test.JUnitTestProcessAnimal.testJUnitCalculMoyenneEcartTypePoidsAnimaux(JUnitTestProcessAnimal.java:52)
	at sun.reflect.NativeMethodAccessorImpl.invoke0(Native Method)
	at sun.reflect.NativeMethodAccessorImpl.invoke(NativeMethodAccessorImpl.java:62)
	at sun.reflect.DelegatingMethodAccessorImpl.invoke(DelegatingMethodAccessorImpl.java:43)
	at java.lang.reflect.Method.invoke(Method.java:498)
	at org.junit.runners.model.FrameworkMethod$1.runReflectiveCall(FrameworkMethod.java:45)
	at org.junit.internal.runners.model.ReflectiveCallable.run(ReflectiveCallable.java:15)
	at org.junit.runners.model.FrameworkMethod.invokeExplosively(FrameworkMethod.java:42)
	at org.junit.internal.runners.statements.InvokeMethod.evaluate(InvokeMethod.java:20)
	at org.junit.runners.ParentRunner.runLeaf(ParentRunner.java:263)
	at org.junit.runners.BlockJUnit4ClassRunner.runChild(BlockJUnit4ClassRunner.java:68)
	at org.junit.runners.BlockJUnit4ClassRunner.runChild(BlockJUnit4ClassRunner.java:47)
	at org.junit.runners.ParentRunner$3.run(ParentRunner.java:231)
	at org.junit.runners.ParentRunner$1.schedule(ParentRunner.java:60)
	at org.junit.runners.ParentRunner.runChildren(ParentRunner.java:229)
	at org.junit.runners.ParentRunner.access$000(ParentRunner.java:50)
	at org.junit.runners.ParentRunner$2.evaluate(ParentRunner.java:222)
	at org.junit.internal.runners.statements.RunBefores.evaluate(RunBefores.java:28)
	at org.junit.internal.runners.statements.RunAfters.evaluate(RunAfters.java:30)
	at org.junit.runners.ParentRunner.run(ParentRunner.java:300)
	at org.apache.maven.surefire.junit4.JUnit4TestSet.execute(JUnit4TestSet.java:53)
	at org.apache.maven.surefire.junit4.JUnit4Provider.executeTestSet(JUnit4Provider.java:123)
	at org.apache.maven.surefire.junit4.JUnit4Provider.invoke(JUnit4Provider.java:104)
	at sun.reflect.NativeMethodAccessorImpl.invoke0(Native Method)
	at sun.reflect.NativeMethodAccessorImpl.invoke(NativeMethodAccessorImpl.java:62)
	at sun.reflect.DelegatingMethodAccessorImpl.invoke(DelegatingMethodAccessorImpl.java:43)
	at java.lang.reflect.Method.invoke(Method.java:498)
	at org.apache.maven.surefire.util.ReflectionUtils.invokeMethodWithArray(ReflectionUtils.java:164)
	at org.apache.maven.surefire.booter.ProviderFactory$ProviderProxy.invoke(ProviderFactory.java:110)
	at org.apache.maven.surefire.booter.SurefireStarter.invokeProvider(SurefireStarter.java:175)
	at org.apache.maven.surefire.booter.SurefireStarter.runSuitesInProcessWhenForked(SurefireStarter.java:107)
	at org.apache.maven.surefire.booter.ForkedBooter.main(ForkedBooter.java:68)
</failure>
    <system-out>[13/01/2019 23:31:18 DEBUG JUnitTestProcessAnimal.init] Entree de la methode
[13/01/2019 23:31:18 DEBUG JUnitTestProcessAnimal.testJUnitLoadAnimalsManually] Entree de la methode
[13/01/2019 23:31:18 DEBUG JUnitTestProcessAnimal.testJUnitLoadAnimalsManually] Sortie de la methode
[13/01/2019 23:31:18 DEBUG JUnitTestProcessAnimal.init] Sortie de la methode
[13/01/2019 23:31:18 DEBUG JUnitTestProcessAnimal.testJUnitCalculMoyenneEcartTypePoidsAnimaux] Entree de la methode
[13/01/2019 23:31:18 DEBUG JUnitTestProcessAnimal.testJUnitCalculMoyenneEcartTypePoidsAnimaux] calculMoyennePoidsAnimaux : NaN
[13/01/2019 23:31:18 DEBUG JUnitTestProcessAnimal.testJUnitCalculMoyenneEcartTypePoidsAnimaux] calculEcartTypePoidsAnimaux : 0.0
[13/01/2019 23:31:18 DEBUG JUnitTestProcessAnimal.testJUnitCalculMoyenneEcartTypePoidsAnimaux] difference moyenne : NaN
[13/01/2019 23:31:18 DEBUG JUnitTestProcessAnimal.testJUnitCalculMoyenneEcartTypePoidsAnimaux] difference ecartType : 195.7327
</system-out>
  </testcase>
</testsuite>